 GAUSS-HERMITE INTEGRAL IS USED
b    N=     2             5            10            20            50
0.1    -0.134116144  -0.189023010  -0.244963060  -0.314280471  -0.435390350
0.2    -0.236211232  -0.308709412  -0.371408859  -0.434336894  -0.513636177
0.3    -0.310413969  -0.381521600  -0.433725106  -0.477251335  -0.519878651
0.4    -0.361818491  -0.425199041  -0.464513078  -0.492901031  -0.516376985
0.5    -0.395609555  -0.451656954  -0.480226618  -0.498867959  -0.512665638
0.6    -0.415967128  -0.468122227  -0.488599401  -0.501192676  -0.509839532
0.7    -0.425547139  -0.478639546  -0.493242894  -0.502058258  -0.507783412
0.8    -0.425708100  -0.485255470  -0.495885253  -0.502310462  -0.506278921
0.9    -0.417014602  -0.488837470  -0.497367362  -0.502298310  -0.505157926
1.0    -0.399638951  -0.489617409  -0.498073302  -0.502171901  -0.504305486
1.1    -0.373587642  -0.487528220  -0.498125172  -0.501993890  -0.503644456
1.2    -0.338808168  -0.482390502  -0.497487678  -0.501781853  -0.503122582
1.3    -0.295234076  -0.474003229  -0.496036687  -0.501523974  -0.502703809
1.4    -0.242802045  -0.462181359  -0.493607167  -0.501185251  -0.502362645
1.5    -0.181457221  -0.446767583  -0.490024642  -0.500711555  -0.502080443
1.6    -0.111153920  -0.427632946  -0.485123359  -0.500034093  -0.501842817
1.7    -0.031854724  -0.404673427  -0.478754973  -0.499074509  -0.501637724
1.8     0.056470848  -0.377805583  -0.470791303  -0.497749965  -0.501453988
1.9     0.153847632  -0.346962456  -0.461123868  -0.495977520  -0.501280151
2.0     0.260295932  -0.312090130  -0.449661919  -0.493677430  -0.501103638
